<?xml version="1.0" encoding="UTF-8"?>
<testng-results skipped="0" failed="0" ignored="0" total="1" passed="1">
  <reporter-output>
  </reporter-output>
  <suite name="Default suite" duration-ms="7419" started-at="2022-02-10T16:00:26 IST" finished-at="2022-02-10T16:00:33 IST">
    <groups>
    </groups>
    <test name="Default test" duration-ms="7419" started-at="2022-02-10T16:00:26 IST" finished-at="2022-02-10T16:00:33 IST">
      <class name="in.amazon.demo.CommonDriverTest">
        <test-method status="PASS" signature="verifyCommonDriver()[pri:0, instance:in.amazon.demo.CommonDriverTest@7d70d1b1]" name="verifyCommonDriver" duration-ms="7382" started-at="2022-02-10T16:00:26 IST" finished-at="2022-02-10T16:00:33 IST">
          <reporter-output>
          </reporter-output>
        </test-method> <!-- verifyCommonDriver -->
      </class> <!-- in.amazon.demo.CommonDriverTest -->
    </test> <!-- Default test -->
  </suite> <!-- Default suite -->
</testng-results>
